<?xml version="1.0" encoding="UTF-8"?>
<!-- Generated by org.testng.reporters.JUnitXMLReporter -->
<testsuite ignored="0" hostname="DESKTOP-7N6C09U" failures="0" tests="4" name="SeleniumEasy" time="11.872" errors="0" timestamp="06 Aug 2018 15:33:35 GMT">
  <testcase classname="seleniumEasy.InputForms" name="@BeforeTest loadSeleniumEasyDemoSite" time="0.023">
    <failure type="java.lang.NullPointerException">
      <![CDATA[java.lang.NullPointerException
at seleniumEasy.InputForms.loadSeleniumEasyDemoSite(InputForms.java:39)
... Removed 24 stack frames]]>
    </failure>
  </testcase> <!-- @BeforeTest loadSeleniumEasyDemoSite -->
  <testcase classname="seleniumEasy.InputForms" name="validateSimpleFormDemo" time="0.0">
    <skipped/>
  </testcase> <!-- validateSimpleFormDemo -->
  <testcase classname="seleniumEasy.InputForms" name="validateCheckboxDemo" time="0.0">
    <skipped/>
  </testcase> <!-- validateCheckboxDemo -->
  <testcase classname="seleniumEasy.InputForms" name="validateRadioButtonDemo" time="0.0">
    <skipped/>
  </testcase> <!-- validateRadioButtonDemo -->
  <testcase classname="seleniumEasy.InputForms" name="validateDropDownDemo" time="0.0">
    <skipped/>
  </testcase> <!-- validateDropDownDemo -->
</testsuite> <!-- SeleniumEasy -->
