<?xml version="1.0" encoding="UTF-8"?>
<!-- Generated by org.testng.reporters.JUnitXMLReporter -->
<testsuite ignored="0" hostname="DESKTOP-7N6C09U" failures="0" tests="4" name="Default test" time="32.404" errors="0" timestamp="12 Aug 2018 13:03:56 GMT">
  <testcase classname="seleniumEasy.InputForms" name="validateSimpleFormDemo" time="1.635"/>
  <testcase classname="seleniumEasy.InputForms" name="validateCheckboxDemo" time="1.659"/>
  <testcase classname="seleniumEasy.InputForms" name="validateRadioButtonDemo" time="1.45"/>
  <testcase classname="seleniumEasy.InputForms" name="validateDropDownDemo" time="17.347"/>
</testsuite> <!-- Default test -->
