<?xml version="1.0" encoding="UTF-8"?>
<!-- Generated by org.testng.reporters.JUnitXMLReporter -->
<testsuite ignored="2" hostname="DESKTOP-7N6C09U" failures="0" tests="7" name="Test" time="59.292" errors="0" timestamp="12 Aug 2018 13:10:55 GMT">
  <testcase classname="seleniumEasy.AlertnModal" name="testFileDownload" time="6.421"/>
  <testcase classname="seleniumEasy.AlertnModal" name="testJavascriptAlerts" time="1.386"/>
  <testcase classname="seleniumEasy.AlertnModal" name="testWindowPopup" time="22.688"/>
  <testcase classname="seleniumEasy.InputForms" name="validateSimpleFormDemo" time="1.595"/>
  <testcase classname="seleniumEasy.InputForms" name="validateCheckboxDemo" time="1.139"/>
  <testcase classname="seleniumEasy.InputForms" name="validateRadioButtonDemo" time="1.097"/>
  <testcase classname="seleniumEasy.InputForms" name="validateDropDownDemo" time="16.77"/>
  <testcase classname="lib.BaseTest" name="@BeforeSuite basicSetup" time="0.0">
    <ignored/>
  </testcase> <!-- @BeforeSuite basicSetup -->
  <testcase classname="lib.BaseTest" name="@AfterSuite tearDown" time="0.0">
    <ignored/>
  </testcase> <!-- @AfterSuite tearDown -->
</testsuite> <!-- Test -->
