<?xml version="1.0" encoding="UTF-8"?>
<!-- Generated by org.testng.reporters.JUnitXMLReporter -->
<testsuite ignored="0" hostname="DESKTOP-7N6C09U" failures="0" tests="4" name="Test(failed)" time="42.059" errors="0" timestamp="11 Aug 2018 15:21:44 GMT">
  <testcase classname="seleniumEasy.InputForms" name="validateSimpleFormDemo" time="1.526"/>
  <testcase classname="seleniumEasy.InputForms" name="validateCheckboxDemo" time="1.688"/>
  <testcase classname="seleniumEasy.InputForms" name="validateRadioButtonDemo" time="1.435"/>
  <testcase classname="seleniumEasy.InputForms" name="validateDropDownDemo" time="17.584"/>
</testsuite> <!-- Test(failed) -->
