<?xml version="1.0" encoding="UTF-8"?>
<testng-results ignored="0" total="1" passed="1" failed="0" skipped="0">
  <reporter-output>
  </reporter-output>
  <suite started-at="2018-07-25T11:20:11Z" name="Surefire suite" finished-at="2018-07-25T11:20:11Z" duration-ms="132">
    <groups>
    </groups>
    <test started-at="2018-07-25T11:20:11Z" name="Surefire test" finished-at="2018-07-25T11:20:11Z" duration-ms="132">
      <class name="com.goibibo.goibibo.AppTest">
        <test-method signature="shouldAnswerWithTrue()" started-at="2018-07-25T11:20:11Z" name="shouldAnswerWithTrue" finished-at="2018-07-25T11:20:11Z" duration-ms="31" status="PASS">
          <reporter-output>
          </reporter-output>
        </test-method> <!-- shouldAnswerWithTrue -->
      </class> <!-- com.goibibo.goibibo.AppTest -->
    </test> <!-- Surefire test -->
  </suite> <!-- Surefire suite -->
</testng-results>
